c:\users\gavra\source\repos\fractalexplorer\fractalexplorer\x64\debug\vc142.pdb
c:\users\gavra\source\repos\fractalexplorer\fractalexplorer\x64\debug\.netframework,version=v4.7.2.assemblyattributes.obj
c:\users\gavra\source\repos\fractalexplorer\fractalexplorer\x64\debug\.netframework,version=v4.7.2.assemblyattributes.asm
c:\users\gavra\source\repos\fractalexplorer\fractalexplorer\x64\debug\myform.obj
c:\users\gavra\source\repos\fractalexplorer\fractalexplorer\x64\debug\fractalexplorer.myform.resources
c:\users\gavra\source\repos\fractalexplorer\x64\debug\fractalexplorer.exe
c:\users\gavra\source\repos\fractalexplorer\x64\debug\fractalexplorer.pdb
c:\users\gavra\source\repos\fractalexplorer\fractalexplorer\x64\debug\fractalexplorer.vcxproj.generateresource.cache
c:\users\gavra\source\repos\fractalexplorer\fractalexplorer\x64\debug\fractalexplorer.vcxprojassemblyreference.cache
c:\users\gavra\source\repos\fractalexplorer\fractalexplorer\x64\debug\fractalexplorer.tlog\cl.command.1.tlog
c:\users\gavra\source\repos\fractalexplorer\fractalexplorer\x64\debug\fractalexplorer.tlog\cl.read.1.tlog
c:\users\gavra\source\repos\fractalexplorer\fractalexplorer\x64\debug\fractalexplorer.tlog\cl.write.1.tlog
c:\users\gavra\source\repos\fractalexplorer\fractalexplorer\x64\debug\fractalexplorer.tlog\fractalexplorer.write.1u.tlog
c:\users\gavra\source\repos\fractalexplorer\fractalexplorer\x64\debug\fractalexplorer.tlog\link.10024.delete.1.tlog
c:\users\gavra\source\repos\fractalexplorer\fractalexplorer\x64\debug\fractalexplorer.tlog\link.10036.delete.1.tlog
c:\users\gavra\source\repos\fractalexplorer\fractalexplorer\x64\debug\fractalexplorer.tlog\link.1004.delete.1.tlog
c:\users\gavra\source\repos\fractalexplorer\fractalexplorer\x64\debug\fractalexplorer.tlog\link.10052.delete.1.tlog
c:\users\gavra\source\repos\fractalexplorer\fractalexplorer\x64\debug\fractalexplorer.tlog\link.10136.delete.1.tlog
c:\users\gavra\source\repos\fractalexplorer\fractalexplorer\x64\debug\fractalexplorer.tlog\link.10160.delete.1.tlog
c:\users\gavra\source\repos\fractalexplorer\fractalexplorer\x64\debug\fractalexplorer.tlog\link.10232.delete.1.tlog
c:\users\gavra\source\repos\fractalexplorer\fractalexplorer\x64\debug\fractalexplorer.tlog\link.10248.delete.1.tlog
c:\users\gavra\source\repos\fractalexplorer\fractalexplorer\x64\debug\fractalexplorer.tlog\link.10256.delete.1.tlog
c:\users\gavra\source\repos\fractalexplorer\fractalexplorer\x64\debug\fractalexplorer.tlog\link.10316.delete.1.tlog
c:\users\gavra\source\repos\fractalexplorer\fractalexplorer\x64\debug\fractalexplorer.tlog\link.10460.delete.1.tlog
c:\users\gavra\source\repos\fractalexplorer\fractalexplorer\x64\debug\fractalexplorer.tlog\link.10504.delete.1.tlog
c:\users\gavra\source\repos\fractalexplorer\fractalexplorer\x64\debug\fractalexplorer.tlog\link.10512.delete.1.tlog
c:\users\gavra\source\repos\fractalexplorer\fractalexplorer\x64\debug\fractalexplorer.tlog\link.10548.delete.1.tlog
c:\users\gavra\source\repos\fractalexplorer\fractalexplorer\x64\debug\fractalexplorer.tlog\link.10656.delete.1.tlog
c:\users\gavra\source\repos\fractalexplorer\fractalexplorer\x64\debug\fractalexplorer.tlog\link.10880.delete.1.tlog
c:\users\gavra\source\repos\fractalexplorer\fractalexplorer\x64\debug\fractalexplorer.tlog\link.10896.delete.1.tlog
c:\users\gavra\source\repos\fractalexplorer\fractalexplorer\x64\debug\fractalexplorer.tlog\link.10916.delete.1.tlog
c:\users\gavra\source\repos\fractalexplorer\fractalexplorer\x64\debug\fractalexplorer.tlog\link.10940.delete.1.tlog
c:\users\gavra\source\repos\fractalexplorer\fractalexplorer\x64\debug\fractalexplorer.tlog\link.11020.delete.1.tlog
c:\users\gavra\source\repos\fractalexplorer\fractalexplorer\x64\debug\fractalexplorer.tlog\link.11048.delete.1.tlog
c:\users\gavra\source\repos\fractalexplorer\fractalexplorer\x64\debug\fractalexplorer.tlog\link.11128.delete.1.tlog
c:\users\gavra\source\repos\fractalexplorer\fractalexplorer\x64\debug\fractalexplorer.tlog\link.11144.delete.1.tlog
c:\users\gavra\source\repos\fractalexplorer\fractalexplorer\x64\debug\fractalexplorer.tlog\link.11280.delete.1.tlog
c:\users\gavra\source\repos\fractalexplorer\fractalexplorer\x64\debug\fractalexplorer.tlog\link.11292.delete.1.tlog
c:\users\gavra\source\repos\fractalexplorer\fractalexplorer\x64\debug\fractalexplorer.tlog\link.11312.delete.1.tlog
c:\users\gavra\source\repos\fractalexplorer\fractalexplorer\x64\debug\fractalexplorer.tlog\link.11332.delete.1.tlog
c:\users\gavra\source\repos\fractalexplorer\fractalexplorer\x64\debug\fractalexplorer.tlog\link.11404.delete.1.tlog
c:\users\gavra\source\repos\fractalexplorer\fractalexplorer\x64\debug\fractalexplorer.tlog\link.11500.delete.1.tlog
c:\users\gavra\source\repos\fractalexplorer\fractalexplorer\x64\debug\fractalexplorer.tlog\link.11508.delete.1.tlog
c:\users\gavra\source\repos\fractalexplorer\fractalexplorer\x64\debug\fractalexplorer.tlog\link.11548.delete.1.tlog
c:\users\gavra\source\repos\fractalexplorer\fractalexplorer\x64\debug\fractalexplorer.tlog\link.11552.delete.1.tlog
c:\users\gavra\source\repos\fractalexplorer\fractalexplorer\x64\debug\fractalexplorer.tlog\link.1172.delete.1.tlog
c:\users\gavra\source\repos\fractalexplorer\fractalexplorer\x64\debug\fractalexplorer.tlog\link.11916.delete.1.tlog
c:\users\gavra\source\repos\fractalexplorer\fractalexplorer\x64\debug\fractalexplorer.tlog\link.11940.delete.1.tlog
c:\users\gavra\source\repos\fractalexplorer\fractalexplorer\x64\debug\fractalexplorer.tlog\link.11980.delete.1.tlog
c:\users\gavra\source\repos\fractalexplorer\fractalexplorer\x64\debug\fractalexplorer.tlog\link.12144.delete.1.tlog
c:\users\gavra\source\repos\fractalexplorer\fractalexplorer\x64\debug\fractalexplorer.tlog\link.1216.delete.1.tlog
c:\users\gavra\source\repos\fractalexplorer\fractalexplorer\x64\debug\fractalexplorer.tlog\link.12236.delete.1.tlog
c:\users\gavra\source\repos\fractalexplorer\fractalexplorer\x64\debug\fractalexplorer.tlog\link.12240.delete.1.tlog
c:\users\gavra\source\repos\fractalexplorer\fractalexplorer\x64\debug\fractalexplorer.tlog\link.12252.delete.1.tlog
c:\users\gavra\source\repos\fractalexplorer\fractalexplorer\x64\debug\fractalexplorer.tlog\link.12348.delete.1.tlog
c:\users\gavra\source\repos\fractalexplorer\fractalexplorer\x64\debug\fractalexplorer.tlog\link.12376.delete.1.tlog
c:\users\gavra\source\repos\fractalexplorer\fractalexplorer\x64\debug\fractalexplorer.tlog\link.12388.delete.1.tlog
c:\users\gavra\source\repos\fractalexplorer\fractalexplorer\x64\debug\fractalexplorer.tlog\link.1248.delete.1.tlog
c:\users\gavra\source\repos\fractalexplorer\fractalexplorer\x64\debug\fractalexplorer.tlog\link.12480.delete.1.tlog
c:\users\gavra\source\repos\fractalexplorer\fractalexplorer\x64\debug\fractalexplorer.tlog\link.12668.delete.1.tlog
c:\users\gavra\source\repos\fractalexplorer\fractalexplorer\x64\debug\fractalexplorer.tlog\link.12696.delete.1.tlog
c:\users\gavra\source\repos\fractalexplorer\fractalexplorer\x64\debug\fractalexplorer.tlog\link.12832.delete.1.tlog
c:\users\gavra\source\repos\fractalexplorer\fractalexplorer\x64\debug\fractalexplorer.tlog\link.12852.delete.1.tlog
c:\users\gavra\source\repos\fractalexplorer\fractalexplorer\x64\debug\fractalexplorer.tlog\link.12864.delete.1.tlog
c:\users\gavra\source\repos\fractalexplorer\fractalexplorer\x64\debug\fractalexplorer.tlog\link.12956.delete.1.tlog
c:\users\gavra\source\repos\fractalexplorer\fractalexplorer\x64\debug\fractalexplorer.tlog\link.12964.delete.1.tlog
c:\users\gavra\source\repos\fractalexplorer\fractalexplorer\x64\debug\fractalexplorer.tlog\link.13176.delete.1.tlog
c:\users\gavra\source\repos\fractalexplorer\fractalexplorer\x64\debug\fractalexplorer.tlog\link.13388.delete.1.tlog
c:\users\gavra\source\repos\fractalexplorer\fractalexplorer\x64\debug\fractalexplorer.tlog\link.1344.delete.1.tlog
c:\users\gavra\source\repos\fractalexplorer\fractalexplorer\x64\debug\fractalexplorer.tlog\link.13452.delete.1.tlog
c:\users\gavra\source\repos\fractalexplorer\fractalexplorer\x64\debug\fractalexplorer.tlog\link.13464.delete.1.tlog
c:\users\gavra\source\repos\fractalexplorer\fractalexplorer\x64\debug\fractalexplorer.tlog\link.13468.delete.1.tlog
c:\users\gavra\source\repos\fractalexplorer\fractalexplorer\x64\debug\fractalexplorer.tlog\link.13476.delete.1.tlog
c:\users\gavra\source\repos\fractalexplorer\fractalexplorer\x64\debug\fractalexplorer.tlog\link.13616.delete.1.tlog
c:\users\gavra\source\repos\fractalexplorer\fractalexplorer\x64\debug\fractalexplorer.tlog\link.13672.delete.1.tlog
c:\users\gavra\source\repos\fractalexplorer\fractalexplorer\x64\debug\fractalexplorer.tlog\link.13764.delete.1.tlog
c:\users\gavra\source\repos\fractalexplorer\fractalexplorer\x64\debug\fractalexplorer.tlog\link.13784.delete.1.tlog
c:\users\gavra\source\repos\fractalexplorer\fractalexplorer\x64\debug\fractalexplorer.tlog\link.13792.delete.1.tlog
c:\users\gavra\source\repos\fractalexplorer\fractalexplorer\x64\debug\fractalexplorer.tlog\link.13796.delete.1.tlog
c:\users\gavra\source\repos\fractalexplorer\fractalexplorer\x64\debug\fractalexplorer.tlog\link.13908.delete.1.tlog
c:\users\gavra\source\repos\fractalexplorer\fractalexplorer\x64\debug\fractalexplorer.tlog\link.14060.delete.1.tlog
c:\users\gavra\source\repos\fractalexplorer\fractalexplorer\x64\debug\fractalexplorer.tlog\link.14104.delete.1.tlog
c:\users\gavra\source\repos\fractalexplorer\fractalexplorer\x64\debug\fractalexplorer.tlog\link.14108.delete.1.tlog
c:\users\gavra\source\repos\fractalexplorer\fractalexplorer\x64\debug\fractalexplorer.tlog\link.14132.delete.1.tlog
c:\users\gavra\source\repos\fractalexplorer\fractalexplorer\x64\debug\fractalexplorer.tlog\link.14136.delete.1.tlog
c:\users\gavra\source\repos\fractalexplorer\fractalexplorer\x64\debug\fractalexplorer.tlog\link.14196.delete.1.tlog
c:\users\gavra\source\repos\fractalexplorer\fractalexplorer\x64\debug\fractalexplorer.tlog\link.14204.delete.1.tlog
c:\users\gavra\source\repos\fractalexplorer\fractalexplorer\x64\debug\fractalexplorer.tlog\link.14224.delete.1.tlog
c:\users\gavra\source\repos\fractalexplorer\fractalexplorer\x64\debug\fractalexplorer.tlog\link.14232.delete.1.tlog
c:\users\gavra\source\repos\fractalexplorer\fractalexplorer\x64\debug\fractalexplorer.tlog\link.14240.delete.1.tlog
c:\users\gavra\source\repos\fractalexplorer\fractalexplorer\x64\debug\fractalexplorer.tlog\link.14324.delete.1.tlog
c:\users\gavra\source\repos\fractalexplorer\fractalexplorer\x64\debug\fractalexplorer.tlog\link.14344.delete.1.tlog
c:\users\gavra\source\repos\fractalexplorer\fractalexplorer\x64\debug\fractalexplorer.tlog\link.14364.delete.1.tlog
c:\users\gavra\source\repos\fractalexplorer\fractalexplorer\x64\debug\fractalexplorer.tlog\link.14380.delete.1.tlog
c:\users\gavra\source\repos\fractalexplorer\fractalexplorer\x64\debug\fractalexplorer.tlog\link.14388.delete.1.tlog
c:\users\gavra\source\repos\fractalexplorer\fractalexplorer\x64\debug\fractalexplorer.tlog\link.14392.delete.1.tlog
c:\users\gavra\source\repos\fractalexplorer\fractalexplorer\x64\debug\fractalexplorer.tlog\link.14456.delete.1.tlog
c:\users\gavra\source\repos\fractalexplorer\fractalexplorer\x64\debug\fractalexplorer.tlog\link.14500.delete.1.tlog
c:\users\gavra\source\repos\fractalexplorer\fractalexplorer\x64\debug\fractalexplorer.tlog\link.14512.delete.1.tlog
c:\users\gavra\source\repos\fractalexplorer\fractalexplorer\x64\debug\fractalexplorer.tlog\link.14516.delete.1.tlog
c:\users\gavra\source\repos\fractalexplorer\fractalexplorer\x64\debug\fractalexplorer.tlog\link.1452.delete.1.tlog
c:\users\gavra\source\repos\fractalexplorer\fractalexplorer\x64\debug\fractalexplorer.tlog\link.14532.delete.1.tlog
c:\users\gavra\source\repos\fractalexplorer\fractalexplorer\x64\debug\fractalexplorer.tlog\link.14552.delete.1.tlog
c:\users\gavra\source\repos\fractalexplorer\fractalexplorer\x64\debug\fractalexplorer.tlog\link.14556.delete.1.tlog
c:\users\gavra\source\repos\fractalexplorer\fractalexplorer\x64\debug\fractalexplorer.tlog\link.14560.delete.1.tlog
c:\users\gavra\source\repos\fractalexplorer\fractalexplorer\x64\debug\fractalexplorer.tlog\link.14580.delete.1.tlog
c:\users\gavra\source\repos\fractalexplorer\fractalexplorer\x64\debug\fractalexplorer.tlog\link.14616.delete.1.tlog
c:\users\gavra\source\repos\fractalexplorer\fractalexplorer\x64\debug\fractalexplorer.tlog\link.14624.delete.1.tlog
c:\users\gavra\source\repos\fractalexplorer\fractalexplorer\x64\debug\fractalexplorer.tlog\link.14652.delete.1.tlog
c:\users\gavra\source\repos\fractalexplorer\fractalexplorer\x64\debug\fractalexplorer.tlog\link.14664.delete.1.tlog
c:\users\gavra\source\repos\fractalexplorer\fractalexplorer\x64\debug\fractalexplorer.tlog\link.14676.delete.1.tlog
c:\users\gavra\source\repos\fractalexplorer\fractalexplorer\x64\debug\fractalexplorer.tlog\link.14736.delete.1.tlog
c:\users\gavra\source\repos\fractalexplorer\fractalexplorer\x64\debug\fractalexplorer.tlog\link.14752.delete.1.tlog
c:\users\gavra\source\repos\fractalexplorer\fractalexplorer\x64\debug\fractalexplorer.tlog\link.14784.delete.1.tlog
c:\users\gavra\source\repos\fractalexplorer\fractalexplorer\x64\debug\fractalexplorer.tlog\link.14872.delete.1.tlog
c:\users\gavra\source\repos\fractalexplorer\fractalexplorer\x64\debug\fractalexplorer.tlog\link.14888.delete.1.tlog
c:\users\gavra\source\repos\fractalexplorer\fractalexplorer\x64\debug\fractalexplorer.tlog\link.14892.delete.1.tlog
c:\users\gavra\source\repos\fractalexplorer\fractalexplorer\x64\debug\fractalexplorer.tlog\link.14908.delete.1.tlog
c:\users\gavra\source\repos\fractalexplorer\fractalexplorer\x64\debug\fractalexplorer.tlog\link.14916.delete.1.tlog
c:\users\gavra\source\repos\fractalexplorer\fractalexplorer\x64\debug\fractalexplorer.tlog\link.14920.delete.1.tlog
c:\users\gavra\source\repos\fractalexplorer\fractalexplorer\x64\debug\fractalexplorer.tlog\link.14976.delete.1.tlog
c:\users\gavra\source\repos\fractalexplorer\fractalexplorer\x64\debug\fractalexplorer.tlog\link.14980.delete.1.tlog
c:\users\gavra\source\repos\fractalexplorer\fractalexplorer\x64\debug\fractalexplorer.tlog\link.14992.delete.1.tlog
c:\users\gavra\source\repos\fractalexplorer\fractalexplorer\x64\debug\fractalexplorer.tlog\link.14996.delete.1.tlog
c:\users\gavra\source\repos\fractalexplorer\fractalexplorer\x64\debug\fractalexplorer.tlog\link.15024.delete.1.tlog
c:\users\gavra\source\repos\fractalexplorer\fractalexplorer\x64\debug\fractalexplorer.tlog\link.15052.delete.1.tlog
c:\users\gavra\source\repos\fractalexplorer\fractalexplorer\x64\debug\fractalexplorer.tlog\link.15076.delete.1.tlog
c:\users\gavra\source\repos\fractalexplorer\fractalexplorer\x64\debug\fractalexplorer.tlog\link.15100.delete.1.tlog
c:\users\gavra\source\repos\fractalexplorer\fractalexplorer\x64\debug\fractalexplorer.tlog\link.15136.delete.1.tlog
c:\users\gavra\source\repos\fractalexplorer\fractalexplorer\x64\debug\fractalexplorer.tlog\link.15160.delete.1.tlog
c:\users\gavra\source\repos\fractalexplorer\fractalexplorer\x64\debug\fractalexplorer.tlog\link.15196.delete.1.tlog
c:\users\gavra\source\repos\fractalexplorer\fractalexplorer\x64\debug\fractalexplorer.tlog\link.15232.delete.1.tlog
c:\users\gavra\source\repos\fractalexplorer\fractalexplorer\x64\debug\fractalexplorer.tlog\link.15244.delete.1.tlog
c:\users\gavra\source\repos\fractalexplorer\fractalexplorer\x64\debug\fractalexplorer.tlog\link.15248.delete.1.tlog
c:\users\gavra\source\repos\fractalexplorer\fractalexplorer\x64\debug\fractalexplorer.tlog\link.15296.delete.1.tlog
c:\users\gavra\source\repos\fractalexplorer\fractalexplorer\x64\debug\fractalexplorer.tlog\link.15300.delete.1.tlog
c:\users\gavra\source\repos\fractalexplorer\fractalexplorer\x64\debug\fractalexplorer.tlog\link.15304.delete.1.tlog
c:\users\gavra\source\repos\fractalexplorer\fractalexplorer\x64\debug\fractalexplorer.tlog\link.15316.delete.1.tlog
c:\users\gavra\source\repos\fractalexplorer\fractalexplorer\x64\debug\fractalexplorer.tlog\link.15328.delete.1.tlog
c:\users\gavra\source\repos\fractalexplorer\fractalexplorer\x64\debug\fractalexplorer.tlog\link.1536.delete.1.tlog
c:\users\gavra\source\repos\fractalexplorer\fractalexplorer\x64\debug\fractalexplorer.tlog\link.15368.delete.1.tlog
c:\users\gavra\source\repos\fractalexplorer\fractalexplorer\x64\debug\fractalexplorer.tlog\link.15408.delete.1.tlog
c:\users\gavra\source\repos\fractalexplorer\fractalexplorer\x64\debug\fractalexplorer.tlog\link.15420.delete.1.tlog
c:\users\gavra\source\repos\fractalexplorer\fractalexplorer\x64\debug\fractalexplorer.tlog\link.15500.delete.1.tlog
c:\users\gavra\source\repos\fractalexplorer\fractalexplorer\x64\debug\fractalexplorer.tlog\link.15504.delete.1.tlog
c:\users\gavra\source\repos\fractalexplorer\fractalexplorer\x64\debug\fractalexplorer.tlog\link.15508.delete.1.tlog
c:\users\gavra\source\repos\fractalexplorer\fractalexplorer\x64\debug\fractalexplorer.tlog\link.15528.delete.1.tlog
c:\users\gavra\source\repos\fractalexplorer\fractalexplorer\x64\debug\fractalexplorer.tlog\link.15540.delete.1.tlog
c:\users\gavra\source\repos\fractalexplorer\fractalexplorer\x64\debug\fractalexplorer.tlog\link.15556.delete.1.tlog
c:\users\gavra\source\repos\fractalexplorer\fractalexplorer\x64\debug\fractalexplorer.tlog\link.1556.delete.1.tlog
c:\users\gavra\source\repos\fractalexplorer\fractalexplorer\x64\debug\fractalexplorer.tlog\link.15564.delete.1.tlog
c:\users\gavra\source\repos\fractalexplorer\fractalexplorer\x64\debug\fractalexplorer.tlog\link.15576.delete.1.tlog
c:\users\gavra\source\repos\fractalexplorer\fractalexplorer\x64\debug\fractalexplorer.tlog\link.1560.delete.1.tlog
c:\users\gavra\source\repos\fractalexplorer\fractalexplorer\x64\debug\fractalexplorer.tlog\link.15636.delete.1.tlog
c:\users\gavra\source\repos\fractalexplorer\fractalexplorer\x64\debug\fractalexplorer.tlog\link.15652.delete.1.tlog
c:\users\gavra\source\repos\fractalexplorer\fractalexplorer\x64\debug\fractalexplorer.tlog\link.15660.delete.1.tlog
c:\users\gavra\source\repos\fractalexplorer\fractalexplorer\x64\debug\fractalexplorer.tlog\link.15740.delete.1.tlog
c:\users\gavra\source\repos\fractalexplorer\fractalexplorer\x64\debug\fractalexplorer.tlog\link.15760.delete.1.tlog
c:\users\gavra\source\repos\fractalexplorer\fractalexplorer\x64\debug\fractalexplorer.tlog\link.15828.delete.1.tlog
c:\users\gavra\source\repos\fractalexplorer\fractalexplorer\x64\debug\fractalexplorer.tlog\link.15852.delete.1.tlog
c:\users\gavra\source\repos\fractalexplorer\fractalexplorer\x64\debug\fractalexplorer.tlog\link.15868.delete.1.tlog
c:\users\gavra\source\repos\fractalexplorer\fractalexplorer\x64\debug\fractalexplorer.tlog\link.15880.delete.1.tlog
c:\users\gavra\source\repos\fractalexplorer\fractalexplorer\x64\debug\fractalexplorer.tlog\link.15984.delete.1.tlog
c:\users\gavra\source\repos\fractalexplorer\fractalexplorer\x64\debug\fractalexplorer.tlog\link.15992.delete.1.tlog
c:\users\gavra\source\repos\fractalexplorer\fractalexplorer\x64\debug\fractalexplorer.tlog\link.16024.delete.1.tlog
c:\users\gavra\source\repos\fractalexplorer\fractalexplorer\x64\debug\fractalexplorer.tlog\link.16052.delete.1.tlog
c:\users\gavra\source\repos\fractalexplorer\fractalexplorer\x64\debug\fractalexplorer.tlog\link.16072.delete.1.tlog
c:\users\gavra\source\repos\fractalexplorer\fractalexplorer\x64\debug\fractalexplorer.tlog\link.16120.delete.1.tlog
c:\users\gavra\source\repos\fractalexplorer\fractalexplorer\x64\debug\fractalexplorer.tlog\link.16128.delete.1.tlog
c:\users\gavra\source\repos\fractalexplorer\fractalexplorer\x64\debug\fractalexplorer.tlog\link.16196.delete.1.tlog
c:\users\gavra\source\repos\fractalexplorer\fractalexplorer\x64\debug\fractalexplorer.tlog\link.16212.delete.1.tlog
c:\users\gavra\source\repos\fractalexplorer\fractalexplorer\x64\debug\fractalexplorer.tlog\link.16248.delete.1.tlog
c:\users\gavra\source\repos\fractalexplorer\fractalexplorer\x64\debug\fractalexplorer.tlog\link.16268.delete.1.tlog
c:\users\gavra\source\repos\fractalexplorer\fractalexplorer\x64\debug\fractalexplorer.tlog\link.1628.delete.1.tlog
c:\users\gavra\source\repos\fractalexplorer\fractalexplorer\x64\debug\fractalexplorer.tlog\link.16284.delete.1.tlog
c:\users\gavra\source\repos\fractalexplorer\fractalexplorer\x64\debug\fractalexplorer.tlog\link.16300.delete.1.tlog
c:\users\gavra\source\repos\fractalexplorer\fractalexplorer\x64\debug\fractalexplorer.tlog\link.1636.delete.1.tlog
c:\users\gavra\source\repos\fractalexplorer\fractalexplorer\x64\debug\fractalexplorer.tlog\link.16368.delete.1.tlog
c:\users\gavra\source\repos\fractalexplorer\fractalexplorer\x64\debug\fractalexplorer.tlog\link.16400.delete.1.tlog
c:\users\gavra\source\repos\fractalexplorer\fractalexplorer\x64\debug\fractalexplorer.tlog\link.16404.delete.1.tlog
c:\users\gavra\source\repos\fractalexplorer\fractalexplorer\x64\debug\fractalexplorer.tlog\link.16452.delete.1.tlog
c:\users\gavra\source\repos\fractalexplorer\fractalexplorer\x64\debug\fractalexplorer.tlog\link.16456.delete.1.tlog
c:\users\gavra\source\repos\fractalexplorer\fractalexplorer\x64\debug\fractalexplorer.tlog\link.16480.delete.1.tlog
c:\users\gavra\source\repos\fractalexplorer\fractalexplorer\x64\debug\fractalexplorer.tlog\link.16524.delete.1.tlog
c:\users\gavra\source\repos\fractalexplorer\fractalexplorer\x64\debug\fractalexplorer.tlog\link.16544.delete.1.tlog
c:\users\gavra\source\repos\fractalexplorer\fractalexplorer\x64\debug\fractalexplorer.tlog\link.16548.delete.1.tlog
c:\users\gavra\source\repos\fractalexplorer\fractalexplorer\x64\debug\fractalexplorer.tlog\link.16568.delete.1.tlog
c:\users\gavra\source\repos\fractalexplorer\fractalexplorer\x64\debug\fractalexplorer.tlog\link.16576.delete.1.tlog
c:\users\gavra\source\repos\fractalexplorer\fractalexplorer\x64\debug\fractalexplorer.tlog\link.16592.delete.1.tlog
c:\users\gavra\source\repos\fractalexplorer\fractalexplorer\x64\debug\fractalexplorer.tlog\link.16616.delete.1.tlog
c:\users\gavra\source\repos\fractalexplorer\fractalexplorer\x64\debug\fractalexplorer.tlog\link.16632.delete.1.tlog
c:\users\gavra\source\repos\fractalexplorer\fractalexplorer\x64\debug\fractalexplorer.tlog\link.16644.delete.1.tlog
c:\users\gavra\source\repos\fractalexplorer\fractalexplorer\x64\debug\fractalexplorer.tlog\link.16648.delete.1.tlog
c:\users\gavra\source\repos\fractalexplorer\fractalexplorer\x64\debug\fractalexplorer.tlog\link.16668.delete.1.tlog
c:\users\gavra\source\repos\fractalexplorer\fractalexplorer\x64\debug\fractalexplorer.tlog\link.16672.delete.1.tlog
c:\users\gavra\source\repos\fractalexplorer\fractalexplorer\x64\debug\fractalexplorer.tlog\link.16732.delete.1.tlog
c:\users\gavra\source\repos\fractalexplorer\fractalexplorer\x64\debug\fractalexplorer.tlog\link.16792.delete.1.tlog
c:\users\gavra\source\repos\fractalexplorer\fractalexplorer\x64\debug\fractalexplorer.tlog\link.16872.delete.1.tlog
c:\users\gavra\source\repos\fractalexplorer\fractalexplorer\x64\debug\fractalexplorer.tlog\link.16880.delete.1.tlog
c:\users\gavra\source\repos\fractalexplorer\fractalexplorer\x64\debug\fractalexplorer.tlog\link.16888.delete.1.tlog
c:\users\gavra\source\repos\fractalexplorer\fractalexplorer\x64\debug\fractalexplorer.tlog\link.16900.delete.1.tlog
c:\users\gavra\source\repos\fractalexplorer\fractalexplorer\x64\debug\fractalexplorer.tlog\link.16916.delete.1.tlog
c:\users\gavra\source\repos\fractalexplorer\fractalexplorer\x64\debug\fractalexplorer.tlog\link.16928.delete.1.tlog
c:\users\gavra\source\repos\fractalexplorer\fractalexplorer\x64\debug\fractalexplorer.tlog\link.16932.delete.1.tlog
c:\users\gavra\source\repos\fractalexplorer\fractalexplorer\x64\debug\fractalexplorer.tlog\link.16936.delete.1.tlog
c:\users\gavra\source\repos\fractalexplorer\fractalexplorer\x64\debug\fractalexplorer.tlog\link.16968.delete.1.tlog
c:\users\gavra\source\repos\fractalexplorer\fractalexplorer\x64\debug\fractalexplorer.tlog\link.17092.delete.1.tlog
c:\users\gavra\source\repos\fractalexplorer\fractalexplorer\x64\debug\fractalexplorer.tlog\link.17100.delete.1.tlog
c:\users\gavra\source\repos\fractalexplorer\fractalexplorer\x64\debug\fractalexplorer.tlog\link.17108.delete.1.tlog
c:\users\gavra\source\repos\fractalexplorer\fractalexplorer\x64\debug\fractalexplorer.tlog\link.17112.delete.1.tlog
c:\users\gavra\source\repos\fractalexplorer\fractalexplorer\x64\debug\fractalexplorer.tlog\link.17136.delete.1.tlog
c:\users\gavra\source\repos\fractalexplorer\fractalexplorer\x64\debug\fractalexplorer.tlog\link.17156.delete.1.tlog
c:\users\gavra\source\repos\fractalexplorer\fractalexplorer\x64\debug\fractalexplorer.tlog\link.17184.delete.1.tlog
c:\users\gavra\source\repos\fractalexplorer\fractalexplorer\x64\debug\fractalexplorer.tlog\link.17204.delete.1.tlog
c:\users\gavra\source\repos\fractalexplorer\fractalexplorer\x64\debug\fractalexplorer.tlog\link.17232.delete.1.tlog
c:\users\gavra\source\repos\fractalexplorer\fractalexplorer\x64\debug\fractalexplorer.tlog\link.17252.delete.1.tlog
c:\users\gavra\source\repos\fractalexplorer\fractalexplorer\x64\debug\fractalexplorer.tlog\link.17260.delete.1.tlog
c:\users\gavra\source\repos\fractalexplorer\fractalexplorer\x64\debug\fractalexplorer.tlog\link.17288.delete.1.tlog
c:\users\gavra\source\repos\fractalexplorer\fractalexplorer\x64\debug\fractalexplorer.tlog\link.17308.delete.1.tlog
c:\users\gavra\source\repos\fractalexplorer\fractalexplorer\x64\debug\fractalexplorer.tlog\link.17324.delete.1.tlog
c:\users\gavra\source\repos\fractalexplorer\fractalexplorer\x64\debug\fractalexplorer.tlog\link.17328.delete.1.tlog
c:\users\gavra\source\repos\fractalexplorer\fractalexplorer\x64\debug\fractalexplorer.tlog\link.17352.delete.1.tlog
c:\users\gavra\source\repos\fractalexplorer\fractalexplorer\x64\debug\fractalexplorer.tlog\link.1768.delete.1.tlog
c:\users\gavra\source\repos\fractalexplorer\fractalexplorer\x64\debug\fractalexplorer.tlog\link.17692.delete.1.tlog
c:\users\gavra\source\repos\fractalexplorer\fractalexplorer\x64\debug\fractalexplorer.tlog\link.17768.delete.1.tlog
c:\users\gavra\source\repos\fractalexplorer\fractalexplorer\x64\debug\fractalexplorer.tlog\link.17820.delete.1.tlog
c:\users\gavra\source\repos\fractalexplorer\fractalexplorer\x64\debug\fractalexplorer.tlog\link.17964.delete.1.tlog
c:\users\gavra\source\repos\fractalexplorer\fractalexplorer\x64\debug\fractalexplorer.tlog\link.18080.delete.1.tlog
c:\users\gavra\source\repos\fractalexplorer\fractalexplorer\x64\debug\fractalexplorer.tlog\link.1820.delete.1.tlog
c:\users\gavra\source\repos\fractalexplorer\fractalexplorer\x64\debug\fractalexplorer.tlog\link.1836.delete.1.tlog
c:\users\gavra\source\repos\fractalexplorer\fractalexplorer\x64\debug\fractalexplorer.tlog\link.1844.delete.1.tlog
c:\users\gavra\source\repos\fractalexplorer\fractalexplorer\x64\debug\fractalexplorer.tlog\link.1888.delete.1.tlog
c:\users\gavra\source\repos\fractalexplorer\fractalexplorer\x64\debug\fractalexplorer.tlog\link.1896.delete.1.tlog
c:\users\gavra\source\repos\fractalexplorer\fractalexplorer\x64\debug\fractalexplorer.tlog\link.216.delete.1.tlog
c:\users\gavra\source\repos\fractalexplorer\fractalexplorer\x64\debug\fractalexplorer.tlog\link.2180.delete.1.tlog
c:\users\gavra\source\repos\fractalexplorer\fractalexplorer\x64\debug\fractalexplorer.tlog\link.2192.delete.1.tlog
c:\users\gavra\source\repos\fractalexplorer\fractalexplorer\x64\debug\fractalexplorer.tlog\link.2272.delete.1.tlog
c:\users\gavra\source\repos\fractalexplorer\fractalexplorer\x64\debug\fractalexplorer.tlog\link.2312.delete.1.tlog
c:\users\gavra\source\repos\fractalexplorer\fractalexplorer\x64\debug\fractalexplorer.tlog\link.2360.delete.1.tlog
c:\users\gavra\source\repos\fractalexplorer\fractalexplorer\x64\debug\fractalexplorer.tlog\link.2372.delete.1.tlog
c:\users\gavra\source\repos\fractalexplorer\fractalexplorer\x64\debug\fractalexplorer.tlog\link.2392.delete.1.tlog
c:\users\gavra\source\repos\fractalexplorer\fractalexplorer\x64\debug\fractalexplorer.tlog\link.240.delete.1.tlog
c:\users\gavra\source\repos\fractalexplorer\fractalexplorer\x64\debug\fractalexplorer.tlog\link.2404.delete.1.tlog
c:\users\gavra\source\repos\fractalexplorer\fractalexplorer\x64\debug\fractalexplorer.tlog\link.2492.delete.1.tlog
c:\users\gavra\source\repos\fractalexplorer\fractalexplorer\x64\debug\fractalexplorer.tlog\link.2496.delete.1.tlog
c:\users\gavra\source\repos\fractalexplorer\fractalexplorer\x64\debug\fractalexplorer.tlog\link.2528.delete.1.tlog
c:\users\gavra\source\repos\fractalexplorer\fractalexplorer\x64\debug\fractalexplorer.tlog\link.256.delete.1.tlog
c:\users\gavra\source\repos\fractalexplorer\fractalexplorer\x64\debug\fractalexplorer.tlog\link.2564.delete.1.tlog
c:\users\gavra\source\repos\fractalexplorer\fractalexplorer\x64\debug\fractalexplorer.tlog\link.2584.delete.1.tlog
c:\users\gavra\source\repos\fractalexplorer\fractalexplorer\x64\debug\fractalexplorer.tlog\link.2588.delete.1.tlog
c:\users\gavra\source\repos\fractalexplorer\fractalexplorer\x64\debug\fractalexplorer.tlog\link.2636.delete.1.tlog
c:\users\gavra\source\repos\fractalexplorer\fractalexplorer\x64\debug\fractalexplorer.tlog\link.2732.delete.1.tlog
c:\users\gavra\source\repos\fractalexplorer\fractalexplorer\x64\debug\fractalexplorer.tlog\link.276.delete.1.tlog
c:\users\gavra\source\repos\fractalexplorer\fractalexplorer\x64\debug\fractalexplorer.tlog\link.2776.delete.1.tlog
c:\users\gavra\source\repos\fractalexplorer\fractalexplorer\x64\debug\fractalexplorer.tlog\link.2944.delete.1.tlog
c:\users\gavra\source\repos\fractalexplorer\fractalexplorer\x64\debug\fractalexplorer.tlog\link.3084.delete.1.tlog
c:\users\gavra\source\repos\fractalexplorer\fractalexplorer\x64\debug\fractalexplorer.tlog\link.3104.delete.1.tlog
c:\users\gavra\source\repos\fractalexplorer\fractalexplorer\x64\debug\fractalexplorer.tlog\link.3180.delete.1.tlog
c:\users\gavra\source\repos\fractalexplorer\fractalexplorer\x64\debug\fractalexplorer.tlog\link.3240.delete.1.tlog
c:\users\gavra\source\repos\fractalexplorer\fractalexplorer\x64\debug\fractalexplorer.tlog\link.3312.delete.1.tlog
c:\users\gavra\source\repos\fractalexplorer\fractalexplorer\x64\debug\fractalexplorer.tlog\link.3332.delete.1.tlog
c:\users\gavra\source\repos\fractalexplorer\fractalexplorer\x64\debug\fractalexplorer.tlog\link.3348.delete.1.tlog
c:\users\gavra\source\repos\fractalexplorer\fractalexplorer\x64\debug\fractalexplorer.tlog\link.3424.delete.1.tlog
c:\users\gavra\source\repos\fractalexplorer\fractalexplorer\x64\debug\fractalexplorer.tlog\link.3460.delete.1.tlog
c:\users\gavra\source\repos\fractalexplorer\fractalexplorer\x64\debug\fractalexplorer.tlog\link.3472.delete.1.tlog
c:\users\gavra\source\repos\fractalexplorer\fractalexplorer\x64\debug\fractalexplorer.tlog\link.3524.delete.1.tlog
c:\users\gavra\source\repos\fractalexplorer\fractalexplorer\x64\debug\fractalexplorer.tlog\link.3536.delete.1.tlog
c:\users\gavra\source\repos\fractalexplorer\fractalexplorer\x64\debug\fractalexplorer.tlog\link.3548.delete.1.tlog
c:\users\gavra\source\repos\fractalexplorer\fractalexplorer\x64\debug\fractalexplorer.tlog\link.3576.delete.1.tlog
c:\users\gavra\source\repos\fractalexplorer\fractalexplorer\x64\debug\fractalexplorer.tlog\link.3676.delete.1.tlog
c:\users\gavra\source\repos\fractalexplorer\fractalexplorer\x64\debug\fractalexplorer.tlog\link.3716.delete.1.tlog
c:\users\gavra\source\repos\fractalexplorer\fractalexplorer\x64\debug\fractalexplorer.tlog\link.3768.delete.1.tlog
c:\users\gavra\source\repos\fractalexplorer\fractalexplorer\x64\debug\fractalexplorer.tlog\link.3772.delete.1.tlog
c:\users\gavra\source\repos\fractalexplorer\fractalexplorer\x64\debug\fractalexplorer.tlog\link.3788.delete.1.tlog
c:\users\gavra\source\repos\fractalexplorer\fractalexplorer\x64\debug\fractalexplorer.tlog\link.3820.delete.1.tlog
c:\users\gavra\source\repos\fractalexplorer\fractalexplorer\x64\debug\fractalexplorer.tlog\link.388.delete.1.tlog
c:\users\gavra\source\repos\fractalexplorer\fractalexplorer\x64\debug\fractalexplorer.tlog\link.3896.delete.1.tlog
c:\users\gavra\source\repos\fractalexplorer\fractalexplorer\x64\debug\fractalexplorer.tlog\link.3900.delete.1.tlog
c:\users\gavra\source\repos\fractalexplorer\fractalexplorer\x64\debug\fractalexplorer.tlog\link.3924.delete.1.tlog
c:\users\gavra\source\repos\fractalexplorer\fractalexplorer\x64\debug\fractalexplorer.tlog\link.4016.delete.1.tlog
c:\users\gavra\source\repos\fractalexplorer\fractalexplorer\x64\debug\fractalexplorer.tlog\link.4040.delete.1.tlog
c:\users\gavra\source\repos\fractalexplorer\fractalexplorer\x64\debug\fractalexplorer.tlog\link.4064.delete.1.tlog
c:\users\gavra\source\repos\fractalexplorer\fractalexplorer\x64\debug\fractalexplorer.tlog\link.4080.delete.1.tlog
c:\users\gavra\source\repos\fractalexplorer\fractalexplorer\x64\debug\fractalexplorer.tlog\link.4084.delete.1.tlog
c:\users\gavra\source\repos\fractalexplorer\fractalexplorer\x64\debug\fractalexplorer.tlog\link.4120.delete.1.tlog
c:\users\gavra\source\repos\fractalexplorer\fractalexplorer\x64\debug\fractalexplorer.tlog\link.4140.delete.1.tlog
c:\users\gavra\source\repos\fractalexplorer\fractalexplorer\x64\debug\fractalexplorer.tlog\link.4156.delete.1.tlog
c:\users\gavra\source\repos\fractalexplorer\fractalexplorer\x64\debug\fractalexplorer.tlog\link.4452.delete.1.tlog
c:\users\gavra\source\repos\fractalexplorer\fractalexplorer\x64\debug\fractalexplorer.tlog\link.4472.delete.1.tlog
c:\users\gavra\source\repos\fractalexplorer\fractalexplorer\x64\debug\fractalexplorer.tlog\link.4520.delete.1.tlog
c:\users\gavra\source\repos\fractalexplorer\fractalexplorer\x64\debug\fractalexplorer.tlog\link.4572.delete.1.tlog
c:\users\gavra\source\repos\fractalexplorer\fractalexplorer\x64\debug\fractalexplorer.tlog\link.4608.delete.1.tlog
c:\users\gavra\source\repos\fractalexplorer\fractalexplorer\x64\debug\fractalexplorer.tlog\link.4644.delete.1.tlog
c:\users\gavra\source\repos\fractalexplorer\fractalexplorer\x64\debug\fractalexplorer.tlog\link.4652.delete.1.tlog
c:\users\gavra\source\repos\fractalexplorer\fractalexplorer\x64\debug\fractalexplorer.tlog\link.4664.delete.1.tlog
c:\users\gavra\source\repos\fractalexplorer\fractalexplorer\x64\debug\fractalexplorer.tlog\link.4728.delete.1.tlog
c:\users\gavra\source\repos\fractalexplorer\fractalexplorer\x64\debug\fractalexplorer.tlog\link.4820.delete.1.tlog
c:\users\gavra\source\repos\fractalexplorer\fractalexplorer\x64\debug\fractalexplorer.tlog\link.4876.delete.1.tlog
c:\users\gavra\source\repos\fractalexplorer\fractalexplorer\x64\debug\fractalexplorer.tlog\link.4900.delete.1.tlog
c:\users\gavra\source\repos\fractalexplorer\fractalexplorer\x64\debug\fractalexplorer.tlog\link.4920.delete.1.tlog
c:\users\gavra\source\repos\fractalexplorer\fractalexplorer\x64\debug\fractalexplorer.tlog\link.4960.delete.1.tlog
c:\users\gavra\source\repos\fractalexplorer\fractalexplorer\x64\debug\fractalexplorer.tlog\link.4980.delete.1.tlog
c:\users\gavra\source\repos\fractalexplorer\fractalexplorer\x64\debug\fractalexplorer.tlog\link.4996.delete.1.tlog
c:\users\gavra\source\repos\fractalexplorer\fractalexplorer\x64\debug\fractalexplorer.tlog\link.5080.delete.1.tlog
c:\users\gavra\source\repos\fractalexplorer\fractalexplorer\x64\debug\fractalexplorer.tlog\link.5112.delete.1.tlog
c:\users\gavra\source\repos\fractalexplorer\fractalexplorer\x64\debug\fractalexplorer.tlog\link.5116.delete.1.tlog
c:\users\gavra\source\repos\fractalexplorer\fractalexplorer\x64\debug\fractalexplorer.tlog\link.5460.delete.1.tlog
c:\users\gavra\source\repos\fractalexplorer\fractalexplorer\x64\debug\fractalexplorer.tlog\link.5464.delete.1.tlog
c:\users\gavra\source\repos\fractalexplorer\fractalexplorer\x64\debug\fractalexplorer.tlog\link.5468.delete.1.tlog
c:\users\gavra\source\repos\fractalexplorer\fractalexplorer\x64\debug\fractalexplorer.tlog\link.5472.delete.1.tlog
c:\users\gavra\source\repos\fractalexplorer\fractalexplorer\x64\debug\fractalexplorer.tlog\link.552.delete.1.tlog
c:\users\gavra\source\repos\fractalexplorer\fractalexplorer\x64\debug\fractalexplorer.tlog\link.5520.delete.1.tlog
c:\users\gavra\source\repos\fractalexplorer\fractalexplorer\x64\debug\fractalexplorer.tlog\link.5616.delete.1.tlog
c:\users\gavra\source\repos\fractalexplorer\fractalexplorer\x64\debug\fractalexplorer.tlog\link.5708.delete.1.tlog
c:\users\gavra\source\repos\fractalexplorer\fractalexplorer\x64\debug\fractalexplorer.tlog\link.5768.delete.1.tlog
c:\users\gavra\source\repos\fractalexplorer\fractalexplorer\x64\debug\fractalexplorer.tlog\link.580.delete.1.tlog
c:\users\gavra\source\repos\fractalexplorer\fractalexplorer\x64\debug\fractalexplorer.tlog\link.5800.delete.1.tlog
c:\users\gavra\source\repos\fractalexplorer\fractalexplorer\x64\debug\fractalexplorer.tlog\link.5812.delete.1.tlog
c:\users\gavra\source\repos\fractalexplorer\fractalexplorer\x64\debug\fractalexplorer.tlog\link.6028.delete.1.tlog
c:\users\gavra\source\repos\fractalexplorer\fractalexplorer\x64\debug\fractalexplorer.tlog\link.6296.delete.1.tlog
c:\users\gavra\source\repos\fractalexplorer\fractalexplorer\x64\debug\fractalexplorer.tlog\link.6312.delete.1.tlog
c:\users\gavra\source\repos\fractalexplorer\fractalexplorer\x64\debug\fractalexplorer.tlog\link.6340.delete.1.tlog
c:\users\gavra\source\repos\fractalexplorer\fractalexplorer\x64\debug\fractalexplorer.tlog\link.6344.delete.1.tlog
c:\users\gavra\source\repos\fractalexplorer\fractalexplorer\x64\debug\fractalexplorer.tlog\link.6376.delete.1.tlog
c:\users\gavra\source\repos\fractalexplorer\fractalexplorer\x64\debug\fractalexplorer.tlog\link.6384.delete.1.tlog
c:\users\gavra\source\repos\fractalexplorer\fractalexplorer\x64\debug\fractalexplorer.tlog\link.6428.delete.1.tlog
c:\users\gavra\source\repos\fractalexplorer\fractalexplorer\x64\debug\fractalexplorer.tlog\link.6496.delete.1.tlog
c:\users\gavra\source\repos\fractalexplorer\fractalexplorer\x64\debug\fractalexplorer.tlog\link.6516.delete.1.tlog
c:\users\gavra\source\repos\fractalexplorer\fractalexplorer\x64\debug\fractalexplorer.tlog\link.6608.delete.1.tlog
c:\users\gavra\source\repos\fractalexplorer\fractalexplorer\x64\debug\fractalexplorer.tlog\link.6688.delete.1.tlog
c:\users\gavra\source\repos\fractalexplorer\fractalexplorer\x64\debug\fractalexplorer.tlog\link.6700.delete.1.tlog
c:\users\gavra\source\repos\fractalexplorer\fractalexplorer\x64\debug\fractalexplorer.tlog\link.6716.delete.1.tlog
c:\users\gavra\source\repos\fractalexplorer\fractalexplorer\x64\debug\fractalexplorer.tlog\link.6816.delete.1.tlog
c:\users\gavra\source\repos\fractalexplorer\fractalexplorer\x64\debug\fractalexplorer.tlog\link.6916.delete.1.tlog
c:\users\gavra\source\repos\fractalexplorer\fractalexplorer\x64\debug\fractalexplorer.tlog\link.696.delete.1.tlog
c:\users\gavra\source\repos\fractalexplorer\fractalexplorer\x64\debug\fractalexplorer.tlog\link.6964.delete.1.tlog
c:\users\gavra\source\repos\fractalexplorer\fractalexplorer\x64\debug\fractalexplorer.tlog\link.6988.delete.1.tlog
c:\users\gavra\source\repos\fractalexplorer\fractalexplorer\x64\debug\fractalexplorer.tlog\link.7000.delete.1.tlog
c:\users\gavra\source\repos\fractalexplorer\fractalexplorer\x64\debug\fractalexplorer.tlog\link.7100.delete.1.tlog
c:\users\gavra\source\repos\fractalexplorer\fractalexplorer\x64\debug\fractalexplorer.tlog\link.7124.delete.1.tlog
c:\users\gavra\source\repos\fractalexplorer\fractalexplorer\x64\debug\fractalexplorer.tlog\link.7172.delete.1.tlog
c:\users\gavra\source\repos\fractalexplorer\fractalexplorer\x64\debug\fractalexplorer.tlog\link.7220.delete.1.tlog
c:\users\gavra\source\repos\fractalexplorer\fractalexplorer\x64\debug\fractalexplorer.tlog\link.7336.delete.1.tlog
c:\users\gavra\source\repos\fractalexplorer\fractalexplorer\x64\debug\fractalexplorer.tlog\link.7368.delete.1.tlog
c:\users\gavra\source\repos\fractalexplorer\fractalexplorer\x64\debug\fractalexplorer.tlog\link.7376.delete.1.tlog
c:\users\gavra\source\repos\fractalexplorer\fractalexplorer\x64\debug\fractalexplorer.tlog\link.7388.delete.1.tlog
c:\users\gavra\source\repos\fractalexplorer\fractalexplorer\x64\debug\fractalexplorer.tlog\link.7420.delete.1.tlog
c:\users\gavra\source\repos\fractalexplorer\fractalexplorer\x64\debug\fractalexplorer.tlog\link.7504.delete.1.tlog
c:\users\gavra\source\repos\fractalexplorer\fractalexplorer\x64\debug\fractalexplorer.tlog\link.7688.delete.1.tlog
c:\users\gavra\source\repos\fractalexplorer\fractalexplorer\x64\debug\fractalexplorer.tlog\link.7696.delete.1.tlog
c:\users\gavra\source\repos\fractalexplorer\fractalexplorer\x64\debug\fractalexplorer.tlog\link.7700.delete.1.tlog
c:\users\gavra\source\repos\fractalexplorer\fractalexplorer\x64\debug\fractalexplorer.tlog\link.7728.delete.1.tlog
c:\users\gavra\source\repos\fractalexplorer\fractalexplorer\x64\debug\fractalexplorer.tlog\link.7780.delete.1.tlog
c:\users\gavra\source\repos\fractalexplorer\fractalexplorer\x64\debug\fractalexplorer.tlog\link.7792.delete.1.tlog
c:\users\gavra\source\repos\fractalexplorer\fractalexplorer\x64\debug\fractalexplorer.tlog\link.7848.delete.1.tlog
c:\users\gavra\source\repos\fractalexplorer\fractalexplorer\x64\debug\fractalexplorer.tlog\link.7852.delete.1.tlog
c:\users\gavra\source\repos\fractalexplorer\fractalexplorer\x64\debug\fractalexplorer.tlog\link.7860.delete.1.tlog
c:\users\gavra\source\repos\fractalexplorer\fractalexplorer\x64\debug\fractalexplorer.tlog\link.7884.delete.1.tlog
c:\users\gavra\source\repos\fractalexplorer\fractalexplorer\x64\debug\fractalexplorer.tlog\link.7920.delete.1.tlog
c:\users\gavra\source\repos\fractalexplorer\fractalexplorer\x64\debug\fractalexplorer.tlog\link.7940.delete.1.tlog
c:\users\gavra\source\repos\fractalexplorer\fractalexplorer\x64\debug\fractalexplorer.tlog\link.7964.delete.1.tlog
c:\users\gavra\source\repos\fractalexplorer\fractalexplorer\x64\debug\fractalexplorer.tlog\link.8028.delete.1.tlog
c:\users\gavra\source\repos\fractalexplorer\fractalexplorer\x64\debug\fractalexplorer.tlog\link.8068.delete.1.tlog
c:\users\gavra\source\repos\fractalexplorer\fractalexplorer\x64\debug\fractalexplorer.tlog\link.8124.delete.1.tlog
c:\users\gavra\source\repos\fractalexplorer\fractalexplorer\x64\debug\fractalexplorer.tlog\link.8184.delete.1.tlog
c:\users\gavra\source\repos\fractalexplorer\fractalexplorer\x64\debug\fractalexplorer.tlog\link.8188.delete.1.tlog
c:\users\gavra\source\repos\fractalexplorer\fractalexplorer\x64\debug\fractalexplorer.tlog\link.8236.delete.1.tlog
c:\users\gavra\source\repos\fractalexplorer\fractalexplorer\x64\debug\fractalexplorer.tlog\link.8256.delete.1.tlog
c:\users\gavra\source\repos\fractalexplorer\fractalexplorer\x64\debug\fractalexplorer.tlog\link.8292.delete.1.tlog
c:\users\gavra\source\repos\fractalexplorer\fractalexplorer\x64\debug\fractalexplorer.tlog\link.8332.delete.1.tlog
c:\users\gavra\source\repos\fractalexplorer\fractalexplorer\x64\debug\fractalexplorer.tlog\link.8396.delete.1.tlog
c:\users\gavra\source\repos\fractalexplorer\fractalexplorer\x64\debug\fractalexplorer.tlog\link.8524.delete.1.tlog
c:\users\gavra\source\repos\fractalexplorer\fractalexplorer\x64\debug\fractalexplorer.tlog\link.8632.delete.1.tlog
c:\users\gavra\source\repos\fractalexplorer\fractalexplorer\x64\debug\fractalexplorer.tlog\link.8656.delete.1.tlog
c:\users\gavra\source\repos\fractalexplorer\fractalexplorer\x64\debug\fractalexplorer.tlog\link.8664.delete.1.tlog
c:\users\gavra\source\repos\fractalexplorer\fractalexplorer\x64\debug\fractalexplorer.tlog\link.8688.delete.1.tlog
c:\users\gavra\source\repos\fractalexplorer\fractalexplorer\x64\debug\fractalexplorer.tlog\link.8704.delete.1.tlog
c:\users\gavra\source\repos\fractalexplorer\fractalexplorer\x64\debug\fractalexplorer.tlog\link.8720.delete.1.tlog
c:\users\gavra\source\repos\fractalexplorer\fractalexplorer\x64\debug\fractalexplorer.tlog\link.8732.delete.1.tlog
c:\users\gavra\source\repos\fractalexplorer\fractalexplorer\x64\debug\fractalexplorer.tlog\link.8756.delete.1.tlog
c:\users\gavra\source\repos\fractalexplorer\fractalexplorer\x64\debug\fractalexplorer.tlog\link.8760.delete.1.tlog
c:\users\gavra\source\repos\fractalexplorer\fractalexplorer\x64\debug\fractalexplorer.tlog\link.8852.delete.1.tlog
c:\users\gavra\source\repos\fractalexplorer\fractalexplorer\x64\debug\fractalexplorer.tlog\link.8920.delete.1.tlog
c:\users\gavra\source\repos\fractalexplorer\fractalexplorer\x64\debug\fractalexplorer.tlog\link.8952.delete.1.tlog
c:\users\gavra\source\repos\fractalexplorer\fractalexplorer\x64\debug\fractalexplorer.tlog\link.8996.delete.1.tlog
c:\users\gavra\source\repos\fractalexplorer\fractalexplorer\x64\debug\fractalexplorer.tlog\link.9012.delete.1.tlog
c:\users\gavra\source\repos\fractalexplorer\fractalexplorer\x64\debug\fractalexplorer.tlog\link.9028.delete.1.tlog
c:\users\gavra\source\repos\fractalexplorer\fractalexplorer\x64\debug\fractalexplorer.tlog\link.9060.delete.1.tlog
c:\users\gavra\source\repos\fractalexplorer\fractalexplorer\x64\debug\fractalexplorer.tlog\link.9160.delete.1.tlog
c:\users\gavra\source\repos\fractalexplorer\fractalexplorer\x64\debug\fractalexplorer.tlog\link.9188.delete.1.tlog
c:\users\gavra\source\repos\fractalexplorer\fractalexplorer\x64\debug\fractalexplorer.tlog\link.92.delete.1.tlog
c:\users\gavra\source\repos\fractalexplorer\fractalexplorer\x64\debug\fractalexplorer.tlog\link.9200.delete.1.tlog
c:\users\gavra\source\repos\fractalexplorer\fractalexplorer\x64\debug\fractalexplorer.tlog\link.9308.delete.1.tlog
c:\users\gavra\source\repos\fractalexplorer\fractalexplorer\x64\debug\fractalexplorer.tlog\link.9388.delete.1.tlog
c:\users\gavra\source\repos\fractalexplorer\fractalexplorer\x64\debug\fractalexplorer.tlog\link.9392.delete.1.tlog
c:\users\gavra\source\repos\fractalexplorer\fractalexplorer\x64\debug\fractalexplorer.tlog\link.9528.delete.1.tlog
c:\users\gavra\source\repos\fractalexplorer\fractalexplorer\x64\debug\fractalexplorer.tlog\link.9532.delete.1.tlog
c:\users\gavra\source\repos\fractalexplorer\fractalexplorer\x64\debug\fractalexplorer.tlog\link.9536.delete.1.tlog
c:\users\gavra\source\repos\fractalexplorer\fractalexplorer\x64\debug\fractalexplorer.tlog\link.9676.delete.1.tlog
c:\users\gavra\source\repos\fractalexplorer\fractalexplorer\x64\debug\fractalexplorer.tlog\link.9720.delete.1.tlog
c:\users\gavra\source\repos\fractalexplorer\fractalexplorer\x64\debug\fractalexplorer.tlog\link.9812.delete.1.tlog
c:\users\gavra\source\repos\fractalexplorer\fractalexplorer\x64\debug\fractalexplorer.tlog\link.9928.delete.1.tlog
c:\users\gavra\source\repos\fractalexplorer\fractalexplorer\x64\debug\fractalexplorer.tlog\link.command.1.tlog
c:\users\gavra\source\repos\fractalexplorer\fractalexplorer\x64\debug\fractalexplorer.tlog\link.read.1.tlog
c:\users\gavra\source\repos\fractalexplorer\fractalexplorer\x64\debug\fractalexplorer.tlog\link.write.1.tlog
c:\users\gavra\source\repos\fractalexplorer\fractalexplorer\x64\debug\fractalexplorer.tlog\metagen.read.1.tlog
c:\users\gavra\source\repos\fractalexplorer\fractalexplorer\x64\debug\fractalexplorer.tlog\metagen.write.1.tlog
